Started GET "/" for ::1 at 2020-01-07 16:38:41 +0300
  [1m[35m (1.5ms)[0m  [1m[34mSELECT sqlite_version(*)[0m
Processing by Rails::WelcomeController#index as HTML
  Rendering /home/tetovske/.rvm/gems/ruby-2.6.3/gems/railties-6.0.2.1/lib/rails/templates/rails/welcome/index.html.erb
  Rendered /home/tetovske/.rvm/gems/ruby-2.6.3/gems/railties-6.0.2.1/lib/rails/templates/rails/welcome/index.html.erb (Duration: 29.8ms | Allocations: 650)
Completed 200 OK in 49ms (Views: 35.6ms | ActiveRecord: 0.0ms | Allocations: 2898)


DEPRECATION WARNING: Using `bin/rake routes` is deprecated and will be removed in Rails 6.1. Use `bin/rails routes` instead.
 (called from load at /home/tetovske/.rvm/gems/ruby-2.6.3/bin/rake:23)
DEPRECATION WARNING: Using `bin/rake routes` is deprecated and will be removed in Rails 6.1. Use `bin/rails routes` instead.
 (called from load at /home/tetovske/.rvm/gems/ruby-2.6.3/bin/rake:23)
Started GET "/" for ::1 at 2020-01-07 19:01:28 +0300
  [1m[35m (0.1ms)[0m  [1m[34mSELECT sqlite_version(*)[0m
Processing by NumberController#index as HTML
  Rendering number/index.html.erb within layouts/application
  Rendered number/index.html.erb within layouts/application (Duration: 14.4ms | Allocations: 3882)
Completed 500 Internal Server Error in 56ms (ActiveRecord: 0.0ms | Allocations: 5008)


Started GET "/" for ::1 at 2020-01-07 19:02:16 +0300
  [1m[35m (0.3ms)[0m  [1m[34mSELECT sqlite_version(*)[0m
Processing by NumberController#index as HTML
  Rendering number/index.html.erb within layouts/application
  Rendered number/index.html.erb within layouts/application (Duration: 5.7ms | Allocations: 3586)
Completed 500 Internal Server Error in 12ms (ActiveRecord: 0.0ms | Allocations: 5415)


Started GET "/" for ::1 at 2020-01-07 19:02:53 +0300
  [1m[35m (0.1ms)[0m  [1m[34mSELECT sqlite_version(*)[0m
Processing by Rails::WelcomeController#index as HTML
  Rendering /home/tetovske/.rvm/gems/ruby-2.6.3/gems/railties-6.0.2.1/lib/rails/templates/rails/welcome/index.html.erb
  Rendered /home/tetovske/.rvm/gems/ruby-2.6.3/gems/railties-6.0.2.1/lib/rails/templates/rails/welcome/index.html.erb (Duration: 5.1ms | Allocations: 198)
Completed 200 OK in 7ms (Views: 5.8ms | ActiveRecord: 0.0ms | Allocations: 1212)


DEPRECATION WARNING: Using `bin/rake routes` is deprecated and will be removed in Rails 6.1. Use `bin/rails routes` instead.
 (called from load at /home/tetovske/.rvm/gems/ruby-2.6.3/bin/rake:23)
DEPRECATION WARNING: Using `bin/rake routes` is deprecated and will be removed in Rails 6.1. Use `bin/rails routes` instead.
 (called from load at /home/tetovske/.rvm/gems/ruby-2.6.3/bin/rake:23)
Started GET "/" for ::1 at 2020-01-07 19:03:25 +0300
  [1m[35m (0.1ms)[0m  [1m[34mSELECT sqlite_version(*)[0m
Processing by NumberController#index as HTML
  Rendering number/index.html.erb within layouts/application
  Rendered number/index.html.erb within layouts/application (Duration: 0.6ms | Allocations: 1001)
Completed 500 Internal Server Error in 3ms (ActiveRecord: 0.0ms | Allocations: 2076)


  
ActionView::SyntaxErrorInTemplate (Encountered a syntax error while rendering template: check <%= form_tag find_path, method: 'get' %>
<%= text_field_tag :n %>
<%= submit_tag 'Найти' %>
<% end %>
):
1:    <%= form_tag find_path, method: 'get' %>
2:    <%= text_field_tag :n %>
3:    <%= submit_tag 'Найти' %>
4:    <% end %>
  
app/views/number/index.html.erb:6: syntax error, unexpected end, expecting end-of-input
app/views/number/index.html.erb:6: syntax error, unexpected end, expecting end-of-input
app/views/number/index.html.erb:6: syntax error, unexpected end, expecting end-of-input
app/views/number/index.html.erb:6: syntax error, unexpected end, expecting end-of-input
app/views/number/index.html.erb:6: syntax error, unexpected end, expecting end-of-input
app/views/number/index.html.erb:6: syntax error, unexpected end, expecting end-of-input
DEPRECATION WARNING: Using `bin/rake routes` is deprecated and will be removed in Rails 6.1. Use `bin/rails routes` instead.
 (called from load at /home/tetovske/.rvm/gems/ruby-2.6.3/bin/rake:23)
Started GET "/" for ::1 at 2020-01-07 19:03:59 +0300
Processing by NumberController#index as HTML
  Rendering number/index.html.erb within layouts/application
  Rendered number/index.html.erb within layouts/application (Duration: 0.6ms | Allocations: 1034)
Completed 500 Internal Server Error in 3ms (ActiveRecord: 0.0ms | Allocations: 2117)


  
ActionView::SyntaxErrorInTemplate (Encountered a syntax error while rendering template: check <%= form_tag(find_path, method: 'get') %>
<%= text_field_tag :n %>
<%= submit_tag 'Найти' %>
<% end %>
):
1:    <%= form_tag(find_path, method: 'get') %>
2:    <%= text_field_tag :n %>
3:    <%= submit_tag 'Найти' %>
4:    <% end %>
  
app/views/number/index.html.erb:6: syntax error, unexpected end, expecting end-of-input
app/views/number/index.html.erb:6: syntax error, unexpected end, expecting end-of-input
app/views/number/index.html.erb:6: syntax error, unexpected end, expecting end-of-input
app/views/number/index.html.erb:6: syntax error, unexpected end, expecting end-of-input
app/views/number/index.html.erb:6: syntax error, unexpected end, expecting end-of-input
app/views/number/index.html.erb:6: syntax error, unexpected end, expecting end-of-input
Started GET "/" for ::1 at 2020-01-07 19:04:36 +0300
Processing by NumberController#index as HTML
  Rendering number/index.html.erb within layouts/application
  Rendered number/index.html.erb within layouts/application (Duration: 0.7ms | Allocations: 311)
[Webpacker] Compiling...
[Webpacker] Compiled all packs in /home/tetovske/YAIP/aleksey/laba8/public/packs
[Webpacker] Hash: 53154d7baad00c6a1252
Version: webpack 4.41.5
Time: 1552ms
Built at: 07.01.2020 19:04:40
                                     Asset       Size       Chunks                         Chunk Names
    js/application-0b67a3cc2fcde6055024.js    124 KiB  application  [emitted] [immutable]  application
js/application-0b67a3cc2fcde6055024.js.map    139 KiB  application  [emitted] [dev]        application
                             manifest.json  364 bytes               [emitted]              
Entrypoint application = js/application-0b67a3cc2fcde6055024.js js/application-0b67a3cc2fcde6055024.js.map
[./app/javascript/channels sync recursive _channel\.js$] ./app/javascript/channels sync _channel\.js$ 160 bytes {application} [built]
[./app/javascript/channels/index.js] 211 bytes {application} [built]
[./app/javascript/packs/application.js] 749 bytes {application} [built]
[./node_modules/webpack/buildin/module.js] (webpack)/buildin/module.js 552 bytes {application} [built]
    + 3 hidden modules

Completed 200 OK in 3838ms (Views: 3837.6ms | ActiveRecord: 0.0ms | Allocations: 18885)


Started GET "/number/find?n=3&commit=%D0%9D%D0%B0%D0%B9%D1%82%D0%B8" for ::1 at 2020-01-07 19:04:45 +0300
Processing by NumberController#armstrong as HTML
  Parameters: {"n"=>"3", "commit"=>"Найти"}
Completed 500 Internal Server Error in 1ms (ActiveRecord: 0.0ms | Allocations: 1493)


  
NoMethodError (undefined method `-' for "3":String
Did you mean?  -@):
  
app/controllers/number_controller.rb:14:in `find_armstrong'
app/controllers/number_controller.rb:8:in `armstrong'
Started GET "/number/find?n=3&commit=%D0%9D%D0%B0%D0%B9%D1%82%D0%B8" for ::1 at 2020-01-07 19:05:15 +0300
  [1m[35m (0.1ms)[0m  [1m[34mSELECT sqlite_version(*)[0m
Processing by NumberController#armstrong as HTML
  Parameters: {"n"=>"3", "commit"=>"Найти"}
  Rendering number/armstrong.html.erb within layouts/application
  Rendered number/armstrong.html.erb within layouts/application (Duration: 0.3ms | Allocations: 101)
[Webpacker] Everything's up-to-date. Nothing to do
Completed 200 OK in 8ms (Views: 4.0ms | ActiveRecord: 0.0ms | Allocations: 19461)


Started GET "/" for ::1 at 2020-01-07 19:05:20 +0300
Processing by NumberController#index as HTML
  Rendering number/index.html.erb within layouts/application
  Rendered number/index.html.erb within layouts/application (Duration: 0.3ms | Allocations: 136)
[Webpacker] Everything's up-to-date. Nothing to do
Completed 200 OK in 5ms (Views: 4.2ms | ActiveRecord: 0.0ms | Allocations: 3916)


Started GET "/number/find?n=3&commit=%D0%9D%D0%B0%D0%B9%D1%82%D0%B8" for ::1 at 2020-01-07 19:05:21 +0300
Processing by NumberController#armstrong as HTML
  Parameters: {"n"=>"3", "commit"=>"Найти"}
  Rendering number/armstrong.html.erb within layouts/application
  Rendered number/armstrong.html.erb within layouts/application (Duration: 0.0ms | Allocations: 4)
[Webpacker] Everything's up-to-date. Nothing to do
Completed 200 OK in 9ms (Views: 4.2ms | ActiveRecord: 0.0ms | Allocations: 19106)


Started GET "/number/find?n=5&commit=%D0%9D%D0%B0%D0%B9%D1%82%D0%B8" for ::1 at 2020-01-07 19:05:41 +0300
Processing by NumberController#armstrong as HTML
  Parameters: {"n"=>"5", "commit"=>"Найти"}
  Rendering number/armstrong.html.erb within layouts/application
  Rendered number/armstrong.html.erb within layouts/application (Duration: 0.0ms | Allocations: 4)
[Webpacker] Everything's up-to-date. Nothing to do
Completed 200 OK in 596ms (Views: 3.5ms | ActiveRecord: 0.0ms | Allocations: 2073805)


Started GET "/number/find?n=5&commit=%D0%9D%D0%B0%D0%B9%D1%82%D0%B8" for ::1 at 2020-01-07 19:11:42 +0300
  [1m[35m (0.1ms)[0m  [1m[34mSELECT sqlite_version(*)[0m
Processing by NumberController#armstrong as HTML
  Parameters: {"n"=>"5", "commit"=>"Найти"}
  Rendering number/armstrong.html.erb within layouts/application
  Rendered number/armstrong.html.erb within layouts/application (Duration: 0.4ms | Allocations: 199)
[Webpacker] Everything's up-to-date. Nothing to do
Completed 200 OK in 592ms (Views: 4.8ms | ActiveRecord: 0.0ms | Allocations: 2074934)


Started GET "/number/find?n=5&commit=%D0%9D%D0%B0%D0%B9%D1%82%D0%B8" for ::1 at 2020-01-07 19:12:35 +0300
Processing by NumberController#armstrong as HTML
  Parameters: {"n"=>"5", "commit"=>"Найти"}
  Rendering number/armstrong.html.erb within layouts/application
  Rendered number/armstrong.html.erb within layouts/application (Duration: 0.4ms | Allocations: 212)
[Webpacker] Everything's up-to-date. Nothing to do
Completed 200 OK in 592ms (Views: 5.0ms | ActiveRecord: 0.0ms | Allocations: 2074948)


Started GET "/number/find?n=5&commit=%D0%9D%D0%B0%D0%B9%D1%82%D0%B8" for ::1 at 2020-01-07 19:12:50 +0300
Processing by NumberController#armstrong as HTML
  Parameters: {"n"=>"5", "commit"=>"Найти"}
  Rendering number/armstrong.html.erb within layouts/application
  Rendered number/armstrong.html.erb within layouts/application (Duration: 0.4ms | Allocations: 212)
[Webpacker] Everything's up-to-date. Nothing to do
Completed 200 OK in 583ms (Views: 5.1ms | ActiveRecord: 0.0ms | Allocations: 2074951)


Started GET "/number/find?n=5&commit=%D0%9D%D0%B0%D0%B9%D1%82%D0%B8" for ::1 at 2020-01-07 19:13:09 +0300
Processing by NumberController#armstrong as HTML
  Parameters: {"n"=>"5", "commit"=>"Найти"}
  Rendering number/armstrong.html.erb within layouts/application
  Rendered number/armstrong.html.erb within layouts/application (Duration: 0.4ms | Allocations: 206)
[Webpacker] Everything's up-to-date. Nothing to do
Completed 200 OK in 588ms (Views: 5.2ms | ActiveRecord: 0.0ms | Allocations: 2074940)


Started GET "/number/find?n=5&commit=%D0%9D%D0%B0%D0%B9%D1%82%D0%B8" for ::1 at 2020-01-07 19:15:23 +0300
Processing by NumberController#armstrong as HTML
  Parameters: {"n"=>"5", "commit"=>"Найти"}
  Rendering number/armstrong.html.erb within layouts/application
  Rendered number/armstrong.html.erb within layouts/application (Duration: 0.6ms | Allocations: 206)
[Webpacker] Everything's up-to-date. Nothing to do
Completed 200 OK in 593ms (Views: 5.2ms | ActiveRecord: 0.0ms | Allocations: 2074946)


Started GET "/number/find?n=5&commit=%D0%9D%D0%B0%D0%B9%D1%82%D0%B8" for ::1 at 2020-01-07 19:16:30 +0300
Processing by NumberController#armstrong as HTML
  Parameters: {"n"=>"5", "commit"=>"Найти"}
  Rendering number/armstrong.html.erb within layouts/application
  Rendered number/armstrong.html.erb within layouts/application (Duration: 0.1ms | Allocations: 10)
[Webpacker] Everything's up-to-date. Nothing to do
Completed 200 OK in 611ms (Views: 12.4ms | ActiveRecord: 0.0ms | Allocations: 2080809)


Started GET "/number/find?n=5&commit=%D0%9D%D0%B0%D0%B9%D1%82%D0%B8" for ::1 at 2020-01-07 19:16:51 +0300
Processing by NumberController#armstrong as HTML
  Parameters: {"n"=>"5", "commit"=>"Найти"}
  Rendering number/armstrong.html.erb within layouts/application
  Rendered number/armstrong.html.erb within layouts/application (Duration: 0.0ms | Allocations: 10)
[Webpacker] Everything's up-to-date. Nothing to do
Completed 200 OK in 603ms (Views: 12.1ms | ActiveRecord: 0.0ms | Allocations: 2081065)


Started GET "/number/find?n=5&commit=%D0%9D%D0%B0%D0%B9%D1%82%D0%B8" for ::1 at 2020-01-07 19:17:01 +0300
Processing by NumberController#armstrong as HTML
  Parameters: {"n"=>"5", "commit"=>"Найти"}
  Rendering number/armstrong.html.erb within layouts/application
  Rendered number/armstrong.html.erb within layouts/application (Duration: 0.0ms | Allocations: 10)
[Webpacker] Everything's up-to-date. Nothing to do
Completed 200 OK in 593ms (Views: 12.2ms | ActiveRecord: 0.0ms | Allocations: 2081316)


Started GET "/number/find?n=5&commit=%D0%9D%D0%B0%D0%B9%D1%82%D0%B8" for ::1 at 2020-01-07 19:17:25 +0300
Processing by NumberController#armstrong as HTML
  Parameters: {"n"=>"5", "commit"=>"Найти"}
  Rendering number/armstrong.html.erb within layouts/application
  Rendered number/armstrong.html.erb within layouts/application (Duration: 0.0ms | Allocations: 10)
[Webpacker] Everything's up-to-date. Nothing to do
Completed 200 OK in 597ms (Views: 11.6ms | ActiveRecord: 0.0ms | Allocations: 2081313)


Started GET "/number/find?n=5&commit=%D0%9D%D0%B0%D0%B9%D1%82%D0%B8" for ::1 at 2020-01-07 19:17:38 +0300
Processing by NumberController#armstrong as HTML
  Parameters: {"n"=>"5", "commit"=>"Найти"}
  Rendering number/armstrong.html.erb within layouts/application
  Rendered number/armstrong.html.erb within layouts/application (Duration: 0.0ms | Allocations: 10)
[Webpacker] Everything's up-to-date. Nothing to do
Completed 200 OK in 608ms (Views: 12.7ms | ActiveRecord: 0.0ms | Allocations: 2082175)


Started GET "/" for ::1 at 2020-01-07 19:18:58 +0300
Processing by NumberController#index as HTML
  Rendering number/index.html.erb within layouts/application
  Rendered number/index.html.erb within layouts/application (Duration: 0.6ms | Allocations: 286)
[Webpacker] Everything's up-to-date. Nothing to do
Completed 200 OK in 7ms (Views: 6.3ms | ActiveRecord: 0.0ms | Allocations: 5079)


Started GET "/number/find?n=5&commit=%D0%9D%D0%B0%D0%B9%D1%82%D0%B8" for ::1 at 2020-01-07 19:19:00 +0300
Processing by NumberController#armstrong as HTML
  Parameters: {"n"=>"5", "commit"=>"Найти"}
  Rendering number/armstrong.html.erb within layouts/application
  Rendered number/armstrong.html.erb within layouts/application (Duration: 0.4ms | Allocations: 203)
[Webpacker] Everything's up-to-date. Nothing to do
Completed 200 OK in 605ms (Views: 4.2ms | ActiveRecord: 0.0ms | Allocations: 2074199)


Started GET "/number/find?n=1&commit=%D0%9D%D0%B0%D0%B9%D1%82%D0%B8" for ::1 at 2020-01-07 19:19:05 +0300
Processing by NumberController#armstrong as HTML
  Parameters: {"n"=>"1", "commit"=>"Найти"}
  Rendering number/armstrong.html.erb within layouts/application
  Rendered number/armstrong.html.erb within layouts/application (Duration: 0.1ms | Allocations: 22)
[Webpacker] Everything's up-to-date. Nothing to do
Completed 200 OK in 7ms (Views: 5.9ms | ActiveRecord: 0.0ms | Allocations: 3957)


Started GET "/number/find?n=2&commit=%D0%9D%D0%B0%D0%B9%D1%82%D0%B8" for ::1 at 2020-01-07 19:19:11 +0300
Processing by NumberController#armstrong as HTML
  Parameters: {"n"=>"2", "commit"=>"Найти"}
  Rendering number/armstrong.html.erb within layouts/application
  Rendered number/armstrong.html.erb within layouts/application (Duration: 0.0ms | Allocations: 4)
[Webpacker] Everything's up-to-date. Nothing to do
Completed 200 OK in 12ms (Views: 11.4ms | ActiveRecord: 0.0ms | Allocations: 5100)


Started GET "/number/find?n=3&commit=%D0%9D%D0%B0%D0%B9%D1%82%D0%B8" for ::1 at 2020-01-07 19:19:15 +0300
Processing by NumberController#armstrong as HTML
  Parameters: {"n"=>"3", "commit"=>"Найти"}
  Rendering number/armstrong.html.erb within layouts/application
  Rendered number/armstrong.html.erb within layouts/application (Duration: 0.1ms | Allocations: 12)
[Webpacker] Everything's up-to-date. Nothing to do
Completed 200 OK in 17ms (Views: 10.7ms | ActiveRecord: 0.0ms | Allocations: 19150)


Started GET "/number/find?n=3&commit=%D0%9D%D0%B0%D0%B9%D1%82%D0%B8" for ::1 at 2020-01-07 19:20:19 +0300
Processing by NumberController#armstrong as HTML
  Parameters: {"n"=>"3", "commit"=>"Найти"}
  Rendering number/armstrong.html.erb within layouts/application
  Rendered number/armstrong.html.erb within layouts/application (Duration: 0.5ms | Allocations: 207)
[Webpacker] Everything's up-to-date. Nothing to do
Completed 200 OK in 43ms (Views: 17.0ms | ActiveRecord: 0.0ms | Allocations: 20279)


Started GET "/number/find?n=2&commit=%D0%9D%D0%B0%D0%B9%D1%82%D0%B8" for ::1 at 2020-01-07 19:20:23 +0300
Processing by NumberController#armstrong as HTML
  Parameters: {"n"=>"2", "commit"=>"Найти"}
  Rendering number/armstrong.html.erb within layouts/application
  Rendered number/armstrong.html.erb within layouts/application (Duration: 0.0ms | Allocations: 4)
[Webpacker] Everything's up-to-date. Nothing to do
Completed 200 OK in 5ms (Views: 3.7ms | ActiveRecord: 0.0ms | Allocations: 5101)


Started GET "/number/find?n=2&commit=%D0%9D%D0%B0%D0%B9%D1%82%D0%B8" for ::1 at 2020-01-07 19:20:34 +0300
Processing by NumberController#armstrong as HTML
  Parameters: {"n"=>"2", "commit"=>"Найти"}
  Rendering number/armstrong.html.erb within layouts/application
  Rendered number/armstrong.html.erb within layouts/application (Duration: 0.4ms | Allocations: 192)
[Webpacker] Everything's up-to-date. Nothing to do
Completed 200 OK in 7ms (Views: 6.3ms | ActiveRecord: 0.0ms | Allocations: 6222)


Started GET "/number/find?n=2&commit=%D0%9D%D0%B0%D0%B9%D1%82%D0%B8" for ::1 at 2020-01-07 19:20:46 +0300
Processing by NumberController#armstrong as HTML
  Parameters: {"n"=>"2", "commit"=>"Найти"}
  Rendering number/armstrong.html.erb within layouts/application
  Rendered number/armstrong.html.erb within layouts/application (Duration: 0.4ms | Allocations: 192)
[Webpacker] Everything's up-to-date. Nothing to do
Completed 200 OK in 7ms (Views: 5.9ms | ActiveRecord: 0.0ms | Allocations: 6219)


Started GET "/number/find?n=2&commit=%D0%9D%D0%B0%D0%B9%D1%82%D0%B8" for ::1 at 2020-01-07 19:20:54 +0300
Processing by NumberController#armstrong as HTML
  Parameters: {"n"=>"2", "commit"=>"Найти"}
  Rendering number/armstrong.html.erb within layouts/application
  Rendered number/armstrong.html.erb within layouts/application (Duration: 0.0ms | Allocations: 4)
[Webpacker] Everything's up-to-date. Nothing to do
Completed 200 OK in 5ms (Views: 4.4ms | ActiveRecord: 0.0ms | Allocations: 5106)


Started GET "/number/find?n=3&commit=%D0%9D%D0%B0%D0%B9%D1%82%D0%B8" for ::1 at 2020-01-07 19:20:56 +0300
Processing by NumberController#armstrong as HTML
  Parameters: {"n"=>"3", "commit"=>"Найти"}
  Rendering number/armstrong.html.erb within layouts/application
  Rendered number/armstrong.html.erb within layouts/application (Duration: 0.1ms | Allocations: 12)
[Webpacker] Everything's up-to-date. Nothing to do
Completed 200 OK in 17ms (Views: 12.2ms | ActiveRecord: 0.0ms | Allocations: 19153)


Started GET "/number/find?n=3&commit=%D0%9D%D0%B0%D0%B9%D1%82%D0%B8" for ::1 at 2020-01-07 19:21:31 +0300
Processing by NumberController#armstrong as HTML
  Parameters: {"n"=>"3", "commit"=>"Найти"}
  Rendering number/armstrong.html.erb within layouts/application
  Rendered number/armstrong.html.erb within layouts/application (Duration: 0.5ms | Allocations: 270)
[Webpacker] Everything's up-to-date. Nothing to do
Completed 200 OK in 11ms (Views: 6.4ms | ActiveRecord: 0.0ms | Allocations: 20339)


Started GET "/" for ::1 at 2020-01-07 19:21:33 +0300
Processing by NumberController#index as HTML
  Rendering number/index.html.erb within layouts/application
  Rendered number/index.html.erb within layouts/application (Duration: 0.6ms | Allocations: 280)
[Webpacker] Everything's up-to-date. Nothing to do
Completed 200 OK in 6ms (Views: 4.9ms | ActiveRecord: 0.0ms | Allocations: 4243)


Started GET "/number/find?n=3&commit=%D0%9D%D0%B0%D0%B9%D1%82%D0%B8" for ::1 at 2020-01-07 19:21:35 +0300
Processing by NumberController#armstrong as HTML
  Parameters: {"n"=>"3", "commit"=>"Найти"}
  Rendering number/armstrong.html.erb within layouts/application
  Rendered number/armstrong.html.erb within layouts/application (Duration: 0.1ms | Allocations: 56)
[Webpacker] Everything's up-to-date. Nothing to do
Completed 200 OK in 8ms (Views: 3.8ms | ActiveRecord: 0.0ms | Allocations: 19195)


Started GET "/" for ::1 at 2020-01-07 19:21:36 +0300
Processing by NumberController#index as HTML
  Rendering number/index.html.erb within layouts/application
  Rendered number/index.html.erb within layouts/application (Duration: 0.2ms | Allocations: 128)
[Webpacker] Everything's up-to-date. Nothing to do
Completed 200 OK in 6ms (Views: 4.3ms | ActiveRecord: 0.0ms | Allocations: 3951)


Started GET "/number/find?n=&commit=%D0%9D%D0%B0%D0%B9%D1%82%D0%B8" for ::1 at 2020-01-07 19:27:36 +0300
  [1m[35m (0.1ms)[0m  [1m[34mSELECT sqlite_version(*)[0m
Processing by NumberController#armstrong as HTML
  Parameters: {"n"=>"", "commit"=>"Найти"}
Completed 500 Internal Server Error in 1ms (ActiveRecord: 0.0ms | Allocations: 588)


  
TypeError (can't iterate from Rational):
  
app/controllers/number_controller.rb:14:in `select'
app/controllers/number_controller.rb:14:in `find_armstrong'
app/controllers/number_controller.rb:8:in `armstrong'
Started GET "/number/find?n=sd&commit=%D0%9D%D0%B0%D0%B9%D1%82%D0%B8" for ::1 at 2020-01-07 19:27:58 +0300
  [1m[35m (0.1ms)[0m  [1m[34mSELECT sqlite_version(*)[0m
Processing by NumberController#armstrong as HTML
  Parameters: {"n"=>"sd", "commit"=>"Найти"}
Completed 500 Internal Server Error in 1ms (ActiveRecord: 0.0ms | Allocations: 554)


  
TypeError (can't iterate from Rational):
  
app/controllers/number_controller.rb:14:in `select'
app/controllers/number_controller.rb:14:in `find_armstrong'
app/controllers/number_controller.rb:8:in `armstrong'
Started GET "/number/find?n=sd&commit=%D0%9D%D0%B0%D0%B9%D1%82%D0%B8" for ::1 at 2020-01-07 19:43:38 +0300
Processing by NumberController#armstrong as HTML
  Parameters: {"n"=>"sd", "commit"=>"Найти"}
Completed 500 Internal Server Error in 1ms (ActiveRecord: 0.0ms | Allocations: 597)


  
TypeError (can't iterate from Rational):
  
app/controllers/number_controller.rb:15:in `select'
app/controllers/number_controller.rb:15:in `find_armstrong'
app/controllers/number_controller.rb:8:in `armstrong'
Started GET "/number/find?n=sd&commit=%D0%9D%D0%B0%D0%B9%D1%82%D0%B8" for ::1 at 2020-01-07 19:45:16 +0300
  [1m[35m (0.1ms)[0m  [1m[34mSELECT sqlite_version(*)[0m
Processing by NumberController#armstrong as HTML
  Parameters: {"n"=>"sd", "commit"=>"Найти"}
  Rendering number/armstrong.html.erb within layouts/application
  Rendered number/armstrong.html.erb within layouts/application (Duration: 0.2ms | Allocations: 53)
[Webpacker] Everything's up-to-date. Nothing to do
Completed 200 OK in 6ms (Views: 5.5ms | ActiveRecord: 0.0ms | Allocations: 4006)


Started GET "/" for ::1 at 2020-01-07 19:45:18 +0300
Processing by NumberController#index as HTML
  Rendering number/index.html.erb within layouts/application
  Rendered number/index.html.erb within layouts/application (Duration: 0.3ms | Allocations: 131)
[Webpacker] Everything's up-to-date. Nothing to do
Completed 200 OK in 5ms (Views: 4.7ms | ActiveRecord: 0.0ms | Allocations: 3958)


Started GET "/number/find?n=&commit=%D0%9D%D0%B0%D0%B9%D1%82%D0%B8" for ::1 at 2020-01-07 19:45:19 +0300
Processing by NumberController#armstrong as HTML
  Parameters: {"n"=>"", "commit"=>"Найти"}
  Rendering number/armstrong.html.erb within layouts/application
  Rendered number/armstrong.html.erb within layouts/application (Duration: 0.1ms | Allocations: 47)
[Webpacker] Everything's up-to-date. Nothing to do
Completed 200 OK in 5ms (Views: 4.3ms | ActiveRecord: 0.0ms | Allocations: 3875)


Started GET "/" for ::1 at 2020-01-07 19:45:20 +0300
Processing by NumberController#index as HTML
  Rendering number/index.html.erb within layouts/application
  Rendered number/index.html.erb within layouts/application (Duration: 0.2ms | Allocations: 128)
[Webpacker] Everything's up-to-date. Nothing to do
Completed 200 OK in 5ms (Views: 4.1ms | ActiveRecord: 0.0ms | Allocations: 3951)


Started GET "/number/find?n=s&commit=%D0%9D%D0%B0%D0%B9%D1%82%D0%B8" for ::1 at 2020-01-07 19:45:22 +0300
Processing by NumberController#armstrong as HTML
  Parameters: {"n"=>"s", "commit"=>"Найти"}
  Rendering number/armstrong.html.erb within layouts/application
  Rendered number/armstrong.html.erb within layouts/application (Duration: 0.1ms | Allocations: 47)
[Webpacker] Everything's up-to-date. Nothing to do
Completed 200 OK in 5ms (Views: 4.2ms | ActiveRecord: 0.0ms | Allocations: 3878)


Started GET "/" for ::1 at 2020-01-07 19:45:23 +0300
Processing by NumberController#index as HTML
  Rendering number/index.html.erb within layouts/application
  Rendered number/index.html.erb within layouts/application (Duration: 0.2ms | Allocations: 128)
[Webpacker] Everything's up-to-date. Nothing to do
Completed 200 OK in 5ms (Views: 4.5ms | ActiveRecord: 0.0ms | Allocations: 3947)


Started GET "/number/find?n=-999&commit=%D0%9D%D0%B0%D0%B9%D1%82%D0%B8" for ::1 at 2020-01-07 19:45:26 +0300
Processing by NumberController#armstrong as HTML
  Parameters: {"n"=>"-999", "commit"=>"Найти"}
  Rendering number/armstrong.html.erb within layouts/application
  Rendered number/armstrong.html.erb within layouts/application (Duration: 0.1ms | Allocations: 47)
[Webpacker] Everything's up-to-date. Nothing to do
Completed 200 OK in 5ms (Views: 4.4ms | ActiveRecord: 0.0ms | Allocations: 3877)


Started GET "/number/find?n=2&commit=%D0%9D%D0%B0%D0%B9%D1%82%D0%B8" for ::1 at 2020-01-07 19:45:29 +0300
Processing by NumberController#armstrong as HTML
  Parameters: {"n"=>"2", "commit"=>"Найти"}
  Rendering number/armstrong.html.erb within layouts/application
  Rendered number/armstrong.html.erb within layouts/application (Duration: 0.1ms | Allocations: 47)
[Webpacker] Everything's up-to-date. Nothing to do
Completed 200 OK in 6ms (Views: 4.9ms | ActiveRecord: 0.0ms | Allocations: 5145)


Started GET "/" for ::1 at 2020-01-07 19:45:30 +0300
Processing by NumberController#index as HTML
  Rendering number/index.html.erb within layouts/application
  Rendered number/index.html.erb within layouts/application (Duration: 0.2ms | Allocations: 128)
[Webpacker] Everything's up-to-date. Nothing to do
Completed 200 OK in 5ms (Views: 4.6ms | ActiveRecord: 0.0ms | Allocations: 3944)


Started GET "/number/find?n=2&commit=%D0%9D%D0%B0%D0%B9%D1%82%D0%B8" for ::1 at 2020-01-07 19:45:51 +0300
Processing by NumberController#armstrong as HTML
  Parameters: {"n"=>"2", "commit"=>"Найти"}
  Rendering number/armstrong.html.erb within layouts/application
  Rendered number/armstrong.html.erb within layouts/application (Duration: 0.1ms | Allocations: 47)
[Webpacker] Everything's up-to-date. Nothing to do
Completed 200 OK in 6ms (Views: 4.7ms | ActiveRecord: 0.0ms | Allocations: 5143)


Started GET "/" for ::1 at 2020-01-07 19:45:53 +0300
Processing by NumberController#index as HTML
  Rendering number/index.html.erb within layouts/application
  Rendered number/index.html.erb within layouts/application (Duration: 0.2ms | Allocations: 128)
[Webpacker] Everything's up-to-date. Nothing to do
Completed 200 OK in 12ms (Views: 11.1ms | ActiveRecord: 0.0ms | Allocations: 3944)


Started GET "/number/find?n=3&commit=%D0%9D%D0%B0%D0%B9%D1%82%D0%B8" for ::1 at 2020-01-07 19:45:55 +0300
Processing by NumberController#armstrong as HTML
  Parameters: {"n"=>"3", "commit"=>"Найти"}
  Rendering number/armstrong.html.erb within layouts/application
  Rendered number/armstrong.html.erb within layouts/application (Duration: 0.2ms | Allocations: 55)
[Webpacker] Everything's up-to-date. Nothing to do
Completed 200 OK in 9ms (Views: 5.0ms | ActiveRecord: 0.0ms | Allocations: 19189)


Started GET "/" for ::1 at 2020-01-07 19:45:56 +0300
Processing by NumberController#index as HTML
  Rendering number/index.html.erb within layouts/application
  Rendered number/index.html.erb within layouts/application (Duration: 0.2ms | Allocations: 128)
[Webpacker] Everything's up-to-date. Nothing to do
Completed 200 OK in 5ms (Views: 4.2ms | ActiveRecord: 0.0ms | Allocations: 3946)


Started GET "/number/find?n=1&commit=%D0%9D%D0%B0%D0%B9%D1%82%D0%B8" for ::1 at 2020-01-07 19:45:58 +0300
Processing by NumberController#armstrong as HTML
  Parameters: {"n"=>"1", "commit"=>"Найти"}
  Rendering number/armstrong.html.erb within layouts/application
  Rendered number/armstrong.html.erb within layouts/application (Duration: 0.1ms | Allocations: 65)
[Webpacker] Everything's up-to-date. Nothing to do
Completed 200 OK in 5ms (Views: 4.1ms | ActiveRecord: 0.0ms | Allocations: 4000)


Started GET "/" for ::1 at 2020-01-07 19:45:59 +0300
Processing by NumberController#index as HTML
  Rendering number/index.html.erb within layouts/application
  Rendered number/index.html.erb within layouts/application (Duration: 0.2ms | Allocations: 128)
[Webpacker] Everything's up-to-date. Nothing to do
Completed 200 OK in 13ms (Views: 12.3ms | ActiveRecord: 0.0ms | Allocations: 3944)


Started GET "/number/find?n=&commit=%D0%9D%D0%B0%D0%B9%D1%82%D0%B8" for ::1 at 2020-01-07 19:46:00 +0300
Processing by NumberController#armstrong as HTML
  Parameters: {"n"=>"", "commit"=>"Найти"}
  Rendering number/armstrong.html.erb within layouts/application
  Rendered number/armstrong.html.erb within layouts/application (Duration: 0.1ms | Allocations: 47)
[Webpacker] Everything's up-to-date. Nothing to do
Completed 200 OK in 6ms (Views: 4.9ms | ActiveRecord: 0.0ms | Allocations: 3877)


Started GET "/" for ::1 at 2020-01-07 19:46:01 +0300
Processing by NumberController#index as HTML
  Rendering number/index.html.erb within layouts/application
  Rendered number/index.html.erb within layouts/application (Duration: 0.2ms | Allocations: 128)
[Webpacker] Everything's up-to-date. Nothing to do
Completed 200 OK in 5ms (Views: 4.1ms | ActiveRecord: 0.0ms | Allocations: 3946)


Started GET "/number/find?n=c&commit=%D0%9D%D0%B0%D0%B9%D1%82%D0%B8" for ::1 at 2020-01-07 19:46:03 +0300
Processing by NumberController#armstrong as HTML
  Parameters: {"n"=>"c", "commit"=>"Найти"}
  Rendering number/armstrong.html.erb within layouts/application
  Rendered number/armstrong.html.erb within layouts/application (Duration: 0.1ms | Allocations: 47)
[Webpacker] Everything's up-to-date. Nothing to do
Completed 200 OK in 5ms (Views: 4.1ms | ActiveRecord: 0.0ms | Allocations: 3882)


Started GET "/" for ::1 at 2020-01-07 19:46:03 +0300
Processing by NumberController#index as HTML
  Rendering number/index.html.erb within layouts/application
  Rendered number/index.html.erb within layouts/application (Duration: 0.2ms | Allocations: 128)
[Webpacker] Everything's up-to-date. Nothing to do
Completed 200 OK in 6ms (Views: 5.0ms | ActiveRecord: 0.0ms | Allocations: 3944)


Started GET "/number/find?n=2&commit=%D0%9D%D0%B0%D0%B9%D1%82%D0%B8" for ::1 at 2020-01-07 19:46:05 +0300
Processing by NumberController#armstrong as HTML
  Parameters: {"n"=>"2", "commit"=>"Найти"}
  Rendering number/armstrong.html.erb within layouts/application
  Rendered number/armstrong.html.erb within layouts/application (Duration: 0.2ms | Allocations: 47)
[Webpacker] Everything's up-to-date. Nothing to do
Completed 200 OK in 6ms (Views: 4.8ms | ActiveRecord: 0.0ms | Allocations: 5146)


Started GET "/" for ::1 at 2020-01-07 19:46:05 +0300
Processing by NumberController#index as HTML
  Rendering number/index.html.erb within layouts/application
  Rendered number/index.html.erb within layouts/application (Duration: 0.3ms | Allocations: 128)
[Webpacker] Everything's up-to-date. Nothing to do
Completed 200 OK in 6ms (Views: 5.5ms | ActiveRecord: 0.0ms | Allocations: 3946)


Started GET "/number/find?n=23&commit=%D0%9D%D0%B0%D0%B9%D1%82%D0%B8" for ::1 at 2020-01-07 19:46:07 +0300
Processing by NumberController#armstrong as HTML
  Parameters: {"n"=>"23", "commit"=>"Найти"}
Started GET "/" for ::1 at 2020-01-07 19:46:22 +0300
  [1m[35m (0.1ms)[0m  [1m[34mSELECT sqlite_version(*)[0m
Processing by NumberController#index as HTML
  Rendering number/index.html.erb within layouts/application
  Rendered number/index.html.erb within layouts/application (Duration: 0.3ms | Allocations: 128)
[Webpacker] Everything's up-to-date. Nothing to do
Completed 200 OK in 8514ms (Views: 8512.9ms | ActiveRecord: 0.0ms | Allocations: 34666775)


Started GET "/number/find?n=&commit=%D0%9D%D0%B0%D0%B9%D1%82%D0%B8" for ::1 at 2020-01-07 19:46:36 +0300
Processing by NumberController#armstrong as HTML
  Parameters: {"n"=>"", "commit"=>"Найти"}
  Rendering number/armstrong.html.erb within layouts/application
  Rendered number/armstrong.html.erb within layouts/application (Duration: 0.2ms | Allocations: 47)
[Webpacker] Everything's up-to-date. Nothing to do
Completed 200 OK in 8310ms (Views: 8309.8ms | ActiveRecord: 0.0ms | Allocations: 33222473)


Started GET "/" for 127.0.0.1 at 2020-01-07 19:47:56 +0300
  [1m[35m (0.3ms)[0m  [1m[34mSELECT sqlite_version(*)[0m
Processing by NumberController#index as HTML
  Rendering number/index.html.erb within layouts/application
  Rendered number/index.html.erb within layouts/application (Duration: 0.8ms | Allocations: 443)
[Webpacker] Everything's up-to-date. Nothing to do
Completed 200 OK in 38ms (Views: 32.6ms | ActiveRecord: 0.0ms | Allocations: 11505)


Started GET "/number/find?n=3&commit=%D0%9D%D0%B0%D0%B9%D1%82%D0%B8" for 127.0.0.1 at 2020-01-07 19:48:00 +0300
Processing by NumberController#armstrong as HTML
  Parameters: {"n"=>"3", "commit"=>"Найти"}
  Rendering number/armstrong.html.erb within layouts/application
  Rendered number/armstrong.html.erb within layouts/application (Duration: 0.6ms | Allocations: 274)
[Webpacker] Everything's up-to-date. Nothing to do
Completed 200 OK in 11ms (Views: 5.8ms | ActiveRecord: 0.0ms | Allocations: 19559)


Started GET "/number/find?n=3&commit=%D0%9D%D0%B0%D0%B9%D1%82%D0%B8" for 127.0.0.1 at 2020-01-07 19:48:24 +0300
Processing by NumberController#armstrong as HTML
  Parameters: {"n"=>"3", "commit"=>"Найти"}
  Rendering number/armstrong.html.erb within layouts/application
  Rendered number/armstrong.html.erb within layouts/application (Duration: 0.1ms | Allocations: 55)
[Webpacker] Everything's up-to-date. Nothing to do
Completed 200 OK in 30ms (Views: 14.0ms | ActiveRecord: 0.0ms | Allocations: 27079)


  [1m[35m (0.3ms)[0m  [1m[34mSELECT sqlite_version(*)[0m
  [1m[35m (140.9ms)[0m  [1m[35mCREATE TABLE "schema_migrations" ("version" varchar NOT NULL PRIMARY KEY)[0m
  [1m[35m (121.8ms)[0m  [1m[35mCREATE TABLE "ar_internal_metadata" ("key" varchar NOT NULL PRIMARY KEY, "value" varchar, "created_at" datetime(6) NOT NULL, "updated_at" datetime(6) NOT NULL)[0m
  [1m[36mActiveRecord::InternalMetadata Load (0.2ms)[0m  [1m[34mSELECT "ar_internal_metadata".* FROM "ar_internal_metadata" WHERE "ar_internal_metadata"."key" = ? LIMIT ?[0m  [["key", "environment"], ["LIMIT", 1]]
  [1m[35m (0.1ms)[0m  [1m[36mbegin transaction[0m
  [1m[36mActiveRecord::InternalMetadata Create (0.2ms)[0m  [1m[32mINSERT INTO "ar_internal_metadata" ("key", "value", "created_at", "updated_at") VALUES (?, ?, ?, ?)[0m  [["key", "environment"], ["value", "development"], ["created_at", "2020-01-07 16:52:25.678369"], ["updated_at", "2020-01-07 16:52:25.678369"]]
  [1m[35m (77.7ms)[0m  [1m[36mcommit transaction[0m
  [1m[35m (0.1ms)[0m  [1m[34mSELECT sqlite_version(*)[0m
  [1m[35m (0.1ms)[0m  [1m[34mSELECT "schema_migrations"."version" FROM "schema_migrations" ORDER BY "schema_migrations"."version" ASC[0m
  
ActionController::RoutingError (No route matches [GET] "/assets/application.css-6e68fea937c9c3e7091f6c9303592c1419c8addf4c03a74bbe22aba4e8e1fa00.map"):
  
actionpack (6.0.2.1) lib/action_dispatch/middleware/debug_exceptions.rb:36:in `call'
web-console (4.0.1) lib/web_console/middleware.rb:132:in `call_app'
web-console (4.0.1) lib/web_console/middleware.rb:28:in `block in call'
web-console (4.0.1) lib/web_console/middleware.rb:17:in `catch'
web-console (4.0.1) lib/web_console/middleware.rb:17:in `call'
actionpack (6.0.2.1) lib/action_dispatch/middleware/show_exceptions.rb:33:in `call'
railties (6.0.2.1) lib/rails/rack/logger.rb:38:in `call_app'
railties (6.0.2.1) lib/rails/rack/logger.rb:26:in `block in call'
activesupport (6.0.2.1) lib/active_support/tagged_logging.rb:80:in `block in tagged'
activesupport (6.0.2.1) lib/active_support/tagged_logging.rb:28:in `tagged'
activesupport (6.0.2.1) lib/active_support/tagged_logging.rb:80:in `tagged'
railties (6.0.2.1) lib/rails/rack/logger.rb:26:in `call'
sprockets-rails (3.2.1) lib/sprockets/rails/quiet_assets.rb:11:in `block in call'
activesupport (6.0.2.1) lib/active_support/logger_silence.rb:36:in `silence'
activesupport (6.0.2.1) lib/active_support/logger.rb:64:in `block (3 levels) in broadcast'
activesupport (6.0.2.1) lib/active_support/logger_silence.rb:36:in `silence'
activesupport (6.0.2.1) lib/active_support/logger.rb:62:in `block (2 levels) in broadcast'
sprockets-rails (3.2.1) lib/sprockets/rails/quiet_assets.rb:11:in `call'
actionpack (6.0.2.1) lib/action_dispatch/middleware/remote_ip.rb:81:in `call'
actionpack (6.0.2.1) lib/action_dispatch/middleware/request_id.rb:27:in `call'
rack (2.0.8) lib/rack/method_override.rb:22:in `call'
rack (2.0.8) lib/rack/runtime.rb:22:in `call'
activesupport (6.0.2.1) lib/active_support/cache/strategy/local_cache_middleware.rb:29:in `call'
actionpack (6.0.2.1) lib/action_dispatch/middleware/executor.rb:14:in `call'
actionpack (6.0.2.1) lib/action_dispatch/middleware/static.rb:126:in `call'
rack (2.0.8) lib/rack/sendfile.rb:111:in `call'
actionpack (6.0.2.1) lib/action_dispatch/middleware/host_authorization.rb:83:in `call'
webpacker (4.2.2) lib/webpacker/dev_server_proxy.rb:23:in `perform_request'
rack-proxy (0.6.5) lib/rack/proxy.rb:57:in `call'
railties (6.0.2.1) lib/rails/engine.rb:526:in `call'
puma (4.3.1) lib/puma/configuration.rb:228:in `call'
puma (4.3.1) lib/puma/server.rb:681:in `handle_request'
puma (4.3.1) lib/puma/server.rb:472:in `process_client'
puma (4.3.1) lib/puma/server.rb:328:in `block in run'
puma (4.3.1) lib/puma/thread_pool.rb:134:in `block in spawn_thread'
Started GET "/number/find?n=3&commit=%D0%9D%D0%B0%D0%B9%D1%82%D0%B8" for 127.0.0.1 at 2020-01-07 20:09:44 +0300
Processing by NumberController#armstrong as HTML
  Parameters: {"n"=>"3", "commit"=>"Найти"}
  Rendering number/armstrong.html.erb within layouts/application
  Rendered number/armstrong.html.erb within layouts/application (Duration: 0.2ms | Allocations: 62)
[Webpacker] Everything's up-to-date. Nothing to do
Completed 200 OK in 11ms (Views: 4.8ms | ActiveRecord: 0.0ms | Allocations: 19393)


  
ActionController::RoutingError (No route matches [GET] "/assets/application.css-6e68fea937c9c3e7091f6c9303592c1419c8addf4c03a74bbe22aba4e8e1fa00.map"):
  
actionpack (6.0.2.1) lib/action_dispatch/middleware/debug_exceptions.rb:36:in `call'
web-console (4.0.1) lib/web_console/middleware.rb:132:in `call_app'
web-console (4.0.1) lib/web_console/middleware.rb:28:in `block in call'
web-console (4.0.1) lib/web_console/middleware.rb:17:in `catch'
web-console (4.0.1) lib/web_console/middleware.rb:17:in `call'
actionpack (6.0.2.1) lib/action_dispatch/middleware/show_exceptions.rb:33:in `call'
railties (6.0.2.1) lib/rails/rack/logger.rb:38:in `call_app'
railties (6.0.2.1) lib/rails/rack/logger.rb:26:in `block in call'
activesupport (6.0.2.1) lib/active_support/tagged_logging.rb:80:in `block in tagged'
activesupport (6.0.2.1) lib/active_support/tagged_logging.rb:28:in `tagged'
activesupport (6.0.2.1) lib/active_support/tagged_logging.rb:80:in `tagged'
railties (6.0.2.1) lib/rails/rack/logger.rb:26:in `call'
sprockets-rails (3.2.1) lib/sprockets/rails/quiet_assets.rb:11:in `block in call'
activesupport (6.0.2.1) lib/active_support/logger_silence.rb:36:in `silence'
activesupport (6.0.2.1) lib/active_support/logger.rb:64:in `block (3 levels) in broadcast'
activesupport (6.0.2.1) lib/active_support/logger_silence.rb:36:in `silence'
activesupport (6.0.2.1) lib/active_support/logger.rb:62:in `block (2 levels) in broadcast'
sprockets-rails (3.2.1) lib/sprockets/rails/quiet_assets.rb:11:in `call'
actionpack (6.0.2.1) lib/action_dispatch/middleware/remote_ip.rb:81:in `call'
actionpack (6.0.2.1) lib/action_dispatch/middleware/request_id.rb:27:in `call'
rack (2.0.8) lib/rack/method_override.rb:22:in `call'
rack (2.0.8) lib/rack/runtime.rb:22:in `call'
activesupport (6.0.2.1) lib/active_support/cache/strategy/local_cache_middleware.rb:29:in `call'
actionpack (6.0.2.1) lib/action_dispatch/middleware/executor.rb:14:in `call'
actionpack (6.0.2.1) lib/action_dispatch/middleware/static.rb:126:in `call'
rack (2.0.8) lib/rack/sendfile.rb:111:in `call'
actionpack (6.0.2.1) lib/action_dispatch/middleware/host_authorization.rb:83:in `call'
webpacker (4.2.2) lib/webpacker/dev_server_proxy.rb:23:in `perform_request'
rack-proxy (0.6.5) lib/rack/proxy.rb:57:in `call'
railties (6.0.2.1) lib/rails/engine.rb:526:in `call'
puma (4.3.1) lib/puma/configuration.rb:228:in `call'
puma (4.3.1) lib/puma/server.rb:681:in `handle_request'
puma (4.3.1) lib/puma/server.rb:472:in `process_client'
puma (4.3.1) lib/puma/server.rb:328:in `block in run'
puma (4.3.1) lib/puma/thread_pool.rb:134:in `block in spawn_thread'
DEPRECATION WARNING: Using `bin/rake routes` is deprecated and will be removed in Rails 6.1. Use `bin/rails routes` instead.
 (called from load at /home/tetovske/.rvm/gems/ruby-2.6.3/bin/rake:23)
